C:\Users\Heye\Documents\Visual Studio 2010\Projects\PluginSDK_C++\Release\cl.command.1.tlog
C:\Users\Heye\Documents\Visual Studio 2010\Projects\PluginSDK_C++\Release\CL.read.1.tlog
C:\Users\Heye\Documents\Visual Studio 2010\Projects\PluginSDK_C++\Release\CL.write.1.tlog
C:\Users\Heye\Documents\Visual Studio 2010\Projects\PluginSDK_C++\Release\link.command.1.tlog
C:\Users\Heye\Documents\Visual Studio 2010\Projects\PluginSDK_C++\Release\link.read.1.tlog
C:\Users\Heye\Documents\Visual Studio 2010\Projects\PluginSDK_C++\Release\link.write.1.tlog
C:\Users\Heye\Documents\Visual Studio 2010\Projects\PluginSDK_C++\Release\mt.command.1.tlog
C:\Users\Heye\Documents\Visual Studio 2010\Projects\PluginSDK_C++\Release\mt.read.1.tlog
C:\Users\Heye\Documents\Visual Studio 2010\Projects\PluginSDK_C++\Release\mt.write.1.tlog
C:\USERS\HEYE\DOCUMENTS\VISUAL STUDIO 2010\PROJECTS\PLUGINSDK_C++\RELEASE\PC_DIMMER DEMOPLUGIN FUER C++.DLL
C:\USERS\HEYE\DOCUMENTS\VISUAL STUDIO 2010\PROJECTS\PLUGINSDK_C++\RELEASE\PC_DIMMER DEMOPLUGIN FUER C++.DLL.INTERMEDIATE.MANIFEST
C:\Users\Heye\Documents\Visual Studio 2010\Projects\PluginSDK_C++\Release\PC_DIMMER Demoplugin fuer C++.exp
C:\Users\Heye\Documents\Visual Studio 2010\Projects\PluginSDK_C++\Release\PC_DIMMER Demoplugin fuer C++.lib
C:\USERS\HEYE\DOCUMENTS\VISUAL STUDIO 2010\PROJECTS\PLUGINSDK_C++\RELEASE\PC_DIMMER DEMOPLUGIN FUER C++.PDB
C:\Users\Heye\Documents\Visual Studio 2010\Projects\PluginSDK_C++\Release\PC_DIMMER Demoplugin fuer C++.write.1.tlog
C:\Users\Heye\Documents\Visual Studio 2010\Projects\PluginSDK_C++\Release\PC_DIMMER Demoplugin für C++.vcxprojResolveAssemblyReference.cache
C:\USERS\HEYE\DOCUMENTS\VISUAL STUDIO 2010\PROJECTS\PLUGINSDK_C++\RELEASE\PC_DIMMER.OBJ
C:\USERS\HEYE\DOCUMENTS\VISUAL STUDIO 2010\PROJECTS\PLUGINSDK_C++\RELEASE\USBTESTINTERFACE.OBJ
C:\USERS\HEYE\DOCUMENTS\VISUAL STUDIO 2010\PROJECTS\PLUGINSDK_C++\RELEASE\VC100.PDB
C:\USERS\HEYE\DOCUMENTS\VISUAL STUDIO 2010\PROJECTS\PLUGINSDK_C++\RELEASE\WINUSBINTERFACE.OBJ
