
ROM used:   6844/31936 (21%)
            6844/31936 (21%) including unused fragments

            0.9 Average locations per line
            9.5 Average locations per statement

RAM used:   650/2036 (32%) at main() level
            753/2036 (37%) worst case

Stack used: 5 worst case (0 in main + 5 for interrupts)
Stack size: 30

Lines Stmts  %   Files
----- ----- ---  -----
  167    47   7  main.c
  841     0   0  ..\..\..\..\..\Program Files\PICC\devices\18F4550.h
  228     0   0  ..\..\..\..\..\Program Files\PICC\drivers\pic18_usb.h
  328     0   0  ..\..\..\..\..\Program Files\PICC\drivers\usb_hw_layer.h
  176     0   0  usb_desc_controller.h
 1103     0   0  ..\..\..\..\..\Program Files\PICC\drivers\usb.h
 1192   221  31  ..\..\..\..\..\Program Files\PICC\drivers\usb.c
 1510   316  44  ..\..\..\..\..\Program Files\PICC\drivers\pic18_usb.c
 1352     6   1  ..\..\..\..\..\Program Files\PICC\drivers\stdlib.h
   32     0   0  ..\..\..\..\..\Program Files\PICC\drivers\stddef.h
  435   129  18  ..\..\..\..\..\Program Files\PICC\drivers\string.h
   28     0   0  ..\..\..\..\..\Program Files\PICC\drivers\ctype.h
----- -----
 7392   719 Total

Page ROM  %  RAM    Vol Diff  Functions:
---- --- --- ---    --- ----  ----------
0     42   0    1             @delay_ms1
0     28   0    1             @PUTCHAR_BIU_1
0     12   0    0             @TIMERISR_1
0     32   0    0             @const736
0     48   0    0             @const742
0     48   0    0             @const748
0     18   0    0             @const751
0     34   0    0             @const754
0    108   1    0             @const760
0     92   1    4    139  4.3  usb_kbhit
0     34   0    5             @MUL1616
0     86   1    4    139  4.3  usb_tbe
0     42   0    1    172  3.4  usb_detach
0     50   0    0    236  2.3  usb_attach
0      6   0    0     16  1.0  usb_init_cs
0     40   0    1    375  5.2  usb_task
0     24   0    0     61  2.5  usb_init
0    332   2   10    976  5.9  usb_flush_in
0    198   1   10    344  6.1  usb_put_packet
0    252   2    9    914  5.0  usb_flush_out
0    276   2   12    652  5.9  usb_get_packet_buffer
0     72   1    5    154  3.9  usb_get_packet
0    102   1    6    264  4.6  usb_stall_ep
0    122   1    6    329  4.7  usb_unstall_ep
0    118   1    5    373  6.0  usb_endpoint_stalled
0     26   0    1     94  2.7  usb_set_address
0    490   4   12   1743 10.9  usb_set_configured
0    112   1    5    199  3.2  usb_disable_endpoint
0     30   0    1     99  3.0  usb_disable_endpoints
0      4   0    0     61  4.0  usb_clear_trn
0    162   1    2    656  6.8  usb_isr
0      6   0    0     39  2.0  usb_isr_sof
0     52   0    0    450  4.3  usb_isr_rst
0     42   0    2    458  4.4  usb_init_ep0_setup
0      8   0    0     74  2.8  usb_isr_uerr
0     10   0    0     88  2.5  usb_isr_uidle
0     18   0    0    149  3.5  usb_isr_activity
0     14   0    0    151  3.9  usb_isr_stall
0      6   0    1     30  1.7  usb_request_send_response
0      8   0    0     22  1.2  usb_request_stall
0    248   2    3   3124  9.3  usb_isr_tok_dne
0     12   0    0     29  1.9  usb_enumerated
0     16   0    0     52  2.1  usb_wait_for_enumeration
0    454   3   21   1149 12.8  usb_puts
0     90   1   14             @MUL3232
0     44   0    3    255  4.0  usb_token_reset
0     78   1    3    274  5.9  usb_endpoint_is_valid
0     36   0    1    158  3.1  usb_isr_tok_in_dne
0     10   0    1     53  1.9  usb_isr_tok_out_dne
0     44   0    0    293  5.8  usb_isr_tok_setup_dne
0    188   1    0   1454  8.3  usb_isr_tkn_setup_StandardDevice
0    160   1    3    933  7.7  usb_isr_tkn_setup_StandardInterface
0    106   1    0    753  5.8  usb_isr_tkn_setup_StandardEndpoint
0    170   1    1    942  9.7  usb_Get_Descriptor
0     18   0    0     76  1.8  usb_finish_set_address
0    148   1    4    651  9.4  usb_copy_desc_seg_to_ep
0    122   1    9    305  6.5  strpbrk
0    144   1    9    365  8.1  strspn
0     60   0    5    140  5.0  strlen
0    184   1   10    516  8.6  strtok
0     80   1    2             @MUL88
0    402   3    9   1815 10.5  atoi
0     52   0    4     66  2.0  senddata
0     74   1   69    176  3.5  getitall
0     26   0    0     48  1.9  init_dmx
0    492   4   74   1394 11.1  main
 Inline         0             @cinit1

Program metrics:
    Functions               54
    Statements              719
    Comments                2941
    Volume (V)              45416
    Difficulty (D)          273.0
    Effort to implement (E) 12398008
    Time to implement (T)   191 hours, 20 minutes
    Est Delivered Bugs (B)  18
    Cyclomatic Complexity   135
    Maintainability (MI)    48

 Segment     Used  Free
-----------  ----  ----
00000-00002     4  0  
00004-00006     4  0  
00008-000B8   178  0  
000BA-07CBE  6658  25092  



